<?xml version="1.0" encoding="UTF-8"?>
<!-- Generated by org.testng.reporters.JUnitReportReporter -->
<testsuite hostname="priyesh" failures="0" tests="1" name="testUI.VerifyTitleTest" time="5.678" errors="0" timestamp="2023-09-14T15:04:51 IST" skipped="0">
  <testcase classname="testUI.VerifyTitleTest" name="titleTest" time="5.678"/>
  <system-out/>
</testsuite> <!-- testUI.VerifyTitleTest -->
