<?xml version="1.0" encoding="UTF-8"?>
<!-- Generated by org.testng.reporters.JUnitReportReporter -->
<testsuite hostname="priyesh" failures="0" tests="2" name="testUI.loginTest" time="0.007" errors="0" timestamp="2023-09-08T10:51:43 IST" skipped="0">
  <testcase classname="testUI.loginTest" name="aTest1" time="0.006"/>
  <system-out/>
  <testcase classname="testUI.loginTest" name="aTest2" time="0.001"/>
  <system-out/>
</testsuite> <!-- testUI.loginTest -->
